<?xml version="1.0" encoding="UTF-8"?>
<testsuite xmlns:xsi="http://www.w3.org/2001/XMLSchema-instance" xsi:noNamespaceSchemaLocation="https://maven.apache.org/surefire/maven-surefire-plugin/xsd/surefire-test-report-3.0.xsd" version="3.0" name="employee.EmployeeDesignationTest" time="0.005" tests="2" errors="0" skipped="1" failures="0">
  <properties>
[...]
</properties>
  <testcase name="" classname="MathUtilsTest" time="0">
    <skipped message="class MathUtilsTest is @Disabled"/>
  </testcase>
  <testcase name="testDesignation" classname="employee.EmployeeDesignationTest" time="0.002"/>
</testsuite>